This is pdfTeX, Version 3.14159265-2.6-1.40.20 (TeX Live 2019/Debian) (preloaded format=pdflatex 2020.5.15)  26 FEB 2022 12:33
entering extended mode
 restricted \write18 enabled.
 %&-line parsing enabled.
**CS3205LabReport1.tex
(./CS3205LabReport1.tex
LaTeX2e <2020-02-02> patch level 2
L3 programming layer <2020-02-14>
(/usr/share/texlive/texmf-dist/tex/latex/base/article.cls
Document Class: article 2019/12/20 v1.4l Standard LaTeX document class
(/usr/share/texlive/texmf-dist/tex/latex/base/size11.clo
File: size11.clo 2019/12/20 v1.4l Standard LaTeX file (size option)
)
\c@part=\count167
\c@section=\count168
\c@subsection=\count169
\c@subsubsection=\count170
\c@paragraph=\count171
\c@subparagraph=\count172
\c@figure=\count173
\c@table=\count174
\abovecaptionskip=\skip47
\belowcaptionskip=\skip48
\bibindent=\dimen134
)
(/usr/share/texlive/texmf-dist/tex/latex/base/inputenc.sty
Package: inputenc 2018/08/11 v1.3c Input encoding file
\inpenc@prehook=\toks14
\inpenc@posthook=\toks15

(/usr/share/texlive/texmf-dist/tex/latex/base/latin1.def
File: latin1.def 2018/08/11 v1.3c Input encoding file
))
(/usr/share/texlive/texmf-dist/tex/latex/amsmath/amsmath.sty
Package: amsmath 2020/01/20 v2.17e AMS math features
\@mathmargin=\skip49

For additional information on amsmath, use the `?' option.
(/usr/share/texlive/texmf-dist/tex/latex/amsmath/amstext.sty
Package: amstext 2000/06/29 v2.01 AMS text

(/usr/share/texlive/texmf-dist/tex/latex/amsmath/amsgen.sty
File: amsgen.sty 1999/11/30 v2.0 generic functions
\@emptytoks=\toks16
\ex@=\dimen135
))
(/usr/share/texlive/texmf-dist/tex/latex/amsmath/amsbsy.sty
Package: amsbsy 1999/11/29 v1.2d Bold Symbols
\pmbraise@=\dimen136
)
(/usr/share/texlive/texmf-dist/tex/latex/amsmath/amsopn.sty
Package: amsopn 2016/03/08 v2.02 operator names
)
\inf@bad=\count175
LaTeX Info: Redefining \frac on input line 227.
\uproot@=\count176
\leftroot@=\count177
LaTeX Info: Redefining \overline on input line 389.
\classnum@=\count178
\DOTSCASE@=\count179
LaTeX Info: Redefining \ldots on input line 486.
LaTeX Info: Redefining \dots on input line 489.
LaTeX Info: Redefining \cdots on input line 610.
\Mathstrutbox@=\box45
\strutbox@=\box46
\big@size=\dimen137
LaTeX Font Info:    Redeclaring font encoding OML on input line 733.
LaTeX Font Info:    Redeclaring font encoding OMS on input line 734.
\macc@depth=\count180
\c@MaxMatrixCols=\count181
\dotsspace@=\muskip16
\c@parentequation=\count182
\dspbrk@lvl=\count183
\tag@help=\toks17
\row@=\count184
\column@=\count185
\maxfields@=\count186
\andhelp@=\toks18
\eqnshift@=\dimen138
\alignsep@=\dimen139
\tagshift@=\dimen140
\tagwidth@=\dimen141
\totwidth@=\dimen142
\lineht@=\dimen143
\@envbody=\toks19
\multlinegap=\skip50
\multlinetaggap=\skip51
\mathdisplay@stack=\toks20
LaTeX Info: Redefining \[ on input line 2859.
LaTeX Info: Redefining \] on input line 2860.
)
(/usr/share/texlive/texmf-dist/tex/latex/amsfonts/amsfonts.sty
Package: amsfonts 2013/01/14 v3.01 Basic AMSFonts support
\symAMSa=\mathgroup4
\symAMSb=\mathgroup5
LaTeX Font Info:    Redeclaring math symbol \hbar on input line 98.
LaTeX Font Info:    Overwriting math alphabet `\mathfrak' in version `bold'
(Font)                  U/euf/m/n --> U/euf/b/n on input line 106.
)
(/usr/share/texlive/texmf-dist/tex/latex/amsfonts/amssymb.sty
Package: amssymb 2013/01/14 v3.01 AMS font symbols
)
(/usr/share/texlive/texmf-dist/tex/latex/graphics/graphicx.sty
Package: graphicx 2019/11/30 v1.2a Enhanced LaTeX Graphics (DPC,SPQR)

(/usr/share/texlive/texmf-dist/tex/latex/graphics/keyval.sty
Package: keyval 2014/10/28 v1.15 key=value parser (DPC)
\KV@toks@=\toks21
)
(/usr/share/texlive/texmf-dist/tex/latex/graphics/graphics.sty
Package: graphics 2019/11/30 v1.4a Standard LaTeX Graphics (DPC,SPQR)

(/usr/share/texlive/texmf-dist/tex/latex/graphics/trig.sty
Package: trig 2016/01/03 v1.10 sin cos tan (DPC)
)
(/usr/share/texlive/texmf-dist/tex/latex/graphics-cfg/graphics.cfg
File: graphics.cfg 2016/06/04 v1.11 sample graphics configuration
)
Package graphics Info: Driver file: pdftex.def on input line 105.

(/usr/share/texlive/texmf-dist/tex/latex/graphics-def/pdftex.def
File: pdftex.def 2018/01/08 v1.0l Graphics/color driver for pdftex
))
\Gin@req@height=\dimen144
\Gin@req@width=\dimen145
)
(/usr/share/texlive/texmf-dist/tex/latex/float/float.sty
Package: float 2001/11/08 v1.3d Float enhancements (AL)
\c@float@type=\count187
\float@exts=\toks22
\float@box=\box47
\@float@everytoks=\toks23
\@floatcapt=\box48
)
(/usr/share/texlive/texmf-dist/tex/latex/fancybox/fancybox.sty
Package: fancybox 2010/05/15 1.4

Style option: `fancybox' v1.4 <2010/05/15> (tvz)
\@fancybox=\box49
\shadowsize=\dimen146
\@Sbox=\box50
\do@VerbBox=\toks24
\the@fancyput=\toks25
\this@fancyput=\toks26
\EndVerbatimTokens=\toks27
\Verbatim@Outfile=\write3
\Verbatim@Infile=\read2
) (/usr/share/texlive/texmf-dist/tex/latex/base/fontenc.sty
Package: fontenc 2020/02/11 v2.0o Standard LaTeX package
)
(/usr/share/texlive/texmf-dist/tex/generic/babel/babel.sty
Package: babel 2020/02/14 3.40 The Babel package

(/usr/share/texlive/texmf-dist/tex/generic/babel/switch.def
File: switch.def 2020/02/14 3.40 Babel switching mechanism
)
Package babel Info: You haven't specified a language. I'll use 'nil'
(babel)             as the main language. Reported on input line 572.

(/usr/share/texlive/texmf-dist/tex/generic/babel/nil.ldf
Language: nil 2020/02/14 3.40 Nil language

(/usr/share/texlive/texmf-dist/tex/generic/babel/babel.def
File: babel.def 2020/02/14 3.40 Babel common definitions
\babel@savecnt=\count188
\U@D=\dimen147

(/usr/share/texlive/texmf-dist/tex/generic/babel/txtbabel.def)
\bbl@readstream=\read3
\bbl@dirlevel=\count189
)
\l@nil=\language5
))
(/usr/share/texlive/texmf-dist/tex/latex/geometry/geometry.sty
Package: geometry 2020/01/02 v5.9 Page Geometry

(/usr/share/texlive/texmf-dist/tex/generic/iftex/ifvtex.sty
Package: ifvtex 2019/10/25 v1.7 ifvtex legacy package. Use iftex instead.

(/usr/share/texlive/texmf-dist/tex/generic/iftex/iftex.sty
Package: iftex 2019/11/07 v1.0c TeX engine tests
))
\Gm@cnth=\count190
\Gm@cntv=\count191
\c@Gm@tempcnt=\count192
\Gm@bindingoffset=\dimen148
\Gm@wd@mp=\dimen149
\Gm@odd@mp=\dimen150
\Gm@even@mp=\dimen151
\Gm@layoutwidth=\dimen152
\Gm@layoutheight=\dimen153
\Gm@layouthoffset=\dimen154
\Gm@layoutvoffset=\dimen155
\Gm@dimlist=\toks28
)
(/usr/share/texlive/texmf-dist/tex/latex/titlesec/titlesec.sty
Package: titlesec 2019/10/16 v2.13 Sectioning titles
\ttl@box=\box51
\beforetitleunit=\skip52
\aftertitleunit=\skip53
\ttl@plus=\dimen156
\ttl@minus=\dimen157
\ttl@toksa=\toks29
\titlewidth=\dimen158
\titlewidthlast=\dimen159
\titlewidthfirst=\dimen160

(/usr/share/texlive/texmf-dist/tex/latex/titlesec/titleps.sty))
(/usr/share/texlive/texmf-dist/tex/latex/blindtext/blindtext.sty
Package: blindtext 2012/01/06 V2.0 blindtext-Package

(/usr/share/texlive/texmf-dist/tex/latex/tools/xspace.sty
Package: xspace 2014/10/28 v1.13 Space after command names (DPC,MH)
)
\c@blindtext=\count193
\c@Blindtext=\count194
\c@blind@countparstart=\count195
\blind@countxx=\count196
\blindtext@numBlindtext=\count197
\blind@countyy=\count198
\c@blindlist=\count199
\c@blindlistlevel=\count266
\c@blindlist@level=\count267
\blind@listitem=\count268
\c@blind@listcount=\count269
\c@blind@levelcount=\count270
\blind@mathformula=\count271
\blind@Mathformula=\count272
\c@blind@randomcount=\count273
\c@blind@randommax=\count274
\c@blind@pangramcount=\count275
\c@blind@pangrammax=\count276
)
(/usr/share/texlive/texmf-dist/tex/latex/tools/multicol.sty
Package: multicol 2019/12/09 v1.8y multicolumn formatting (FMi)
\c@tracingmulticols=\count277
\mult@box=\box52
\multicol@leftmargin=\dimen161
\c@unbalance=\count278
\c@collectmore=\count279
\doublecol@number=\count280
\multicoltolerance=\count281
\multicolpretolerance=\count282
\full@width=\dimen162
\page@free=\dimen163
\premulticols=\dimen164
\postmulticols=\dimen165
\multicolsep=\skip54
\multicolbaselineskip=\skip55
\partial@page=\box53
\last@line=\box54
\maxbalancingoverflow=\dimen166
\mult@rightbox=\box55
\mult@grightbox=\box56
\mult@gfirstbox=\box57
\mult@firstbox=\box58
\@tempa=\box59
\@tempa=\box60
\@tempa=\box61
\@tempa=\box62
\@tempa=\box63
\@tempa=\box64
\@tempa=\box65
\@tempa=\box66
\@tempa=\box67
\@tempa=\box68
\@tempa=\box69
\@tempa=\box70
\@tempa=\box71
\@tempa=\box72
\@tempa=\box73
\@tempa=\box74
\@tempa=\box75
\@tempa=\box76
\@tempa=\box77
\@tempa=\box78
\@tempa=\box79
\@tempa=\box80
\@tempa=\box81
\@tempa=\box82
\@tempa=\box83
\@tempa=\box84
\@tempa=\box85
\@tempa=\box86
\@tempa=\box87
\@tempa=\box88
\@tempa=\box89
\@tempa=\box90
\@tempa=\box91
\@tempa=\box92
\@tempa=\box93
\@tempa=\box94
\@tempa=\box95
\c@minrows=\count283
\c@columnbadness=\count284
\c@finalcolumnbadness=\count285
\last@try=\dimen167
\multicolovershoot=\dimen168
\multicolundershoot=\dimen169
\mult@nat@firstbox=\box96
\colbreak@box=\box97
\mc@col@check@num=\count286
)
(/usr/share/texlive/texmf-dist/tex/latex/graphics/color.sty
Package: color 2019/11/23 v1.2a Standard LaTeX Color (DPC)

(/usr/share/texlive/texmf-dist/tex/latex/graphics-cfg/color.cfg
File: color.cfg 2016/01/02 v1.6 sample color configuration
)
Package color Info: Driver file: pdftex.def on input line 147.
)
(/usr/share/texlive/texmf-dist/tex/latex/hyperref/hyperref.sty
Package: hyperref 2020/01/14 v7.00d Hypertext links for LaTeX

(/usr/share/texlive/texmf-dist/tex/generic/ltxcmds/ltxcmds.sty
Package: ltxcmds 2019/12/15 v1.24 LaTeX kernel commands for general use (HO)
)
(/usr/share/texlive/texmf-dist/tex/latex/pdftexcmds/pdftexcmds.sty
Package: pdftexcmds 2019/11/24 v0.31 Utility functions of pdfTeX for LuaTeX (HO
)

(/usr/share/texlive/texmf-dist/tex/generic/infwarerr/infwarerr.sty
Package: infwarerr 2019/12/03 v1.5 Providing info/warning/error messages (HO)
)
Package pdftexcmds Info: \pdf@primitive is available.
Package pdftexcmds Info: \pdf@ifprimitive is available.
Package pdftexcmds Info: \pdfdraftmode found.
)
(/usr/share/texlive/texmf-dist/tex/generic/kvsetkeys/kvsetkeys.sty
Package: kvsetkeys 2019/12/15 v1.18 Key value parser (HO)
)
(/usr/share/texlive/texmf-dist/tex/generic/kvdefinekeys/kvdefinekeys.sty
Package: kvdefinekeys 2019-12-19 v1.6 Define keys (HO)
)
(/usr/share/texlive/texmf-dist/tex/generic/pdfescape/pdfescape.sty
Package: pdfescape 2019/12/09 v1.15 Implements pdfTeX's escape features (HO)
)
(/usr/share/texlive/texmf-dist/tex/latex/hycolor/hycolor.sty
Package: hycolor 2020-01-27 v1.10 Color options for hyperref/bookmark (HO)
)
(/usr/share/texlive/texmf-dist/tex/latex/letltxmacro/letltxmacro.sty
Package: letltxmacro 2019/12/03 v1.6 Let assignment for LaTeX macros (HO)
)
(/usr/share/texlive/texmf-dist/tex/latex/auxhook/auxhook.sty
Package: auxhook 2019-12-17 v1.6 Hooks for auxiliary files (HO)
)
(/usr/share/texlive/texmf-dist/tex/latex/kvoptions/kvoptions.sty
Package: kvoptions 2019/11/29 v3.13 Key value format for package options (HO)
)
\@linkdim=\dimen170
\Hy@linkcounter=\count287
\Hy@pagecounter=\count288

(/usr/share/texlive/texmf-dist/tex/latex/hyperref/pd1enc.def
File: pd1enc.def 2020/01/14 v7.00d Hyperref: PDFDocEncoding definition (HO)
Now handling font encoding PD1 ...
... no UTF-8 mapping file for font encoding PD1
)
(/usr/share/texlive/texmf-dist/tex/generic/intcalc/intcalc.sty
Package: intcalc 2019/12/15 v1.3 Expandable calculations with integers (HO)
)
(/usr/share/texlive/texmf-dist/tex/generic/etexcmds/etexcmds.sty
Package: etexcmds 2019/12/15 v1.7 Avoid name clashes with e-TeX commands (HO)
)
\Hy@SavedSpaceFactor=\count289
\pdfmajorversion=\count290
Package hyperref Info: Option `final' set `true' on input line 4421.
Package hyperref Info: Hyper figures OFF on input line 4547.
Package hyperref Info: Link nesting OFF on input line 4552.
Package hyperref Info: Hyper index ON on input line 4555.
Package hyperref Info: Plain pages OFF on input line 4562.
Package hyperref Info: Backreferencing OFF on input line 4567.
Package hyperref Info: Implicit mode ON; LaTeX internals redefined.
Package hyperref Info: Bookmarks ON on input line 4800.
\c@Hy@tempcnt=\count291

(/usr/share/texlive/texmf-dist/tex/latex/url/url.sty
\Urlmuskip=\muskip17
Package: url 2013/09/16  ver 3.4  Verb mode for urls, etc.
)
LaTeX Info: Redefining \url on input line 5159.
\XeTeXLinkMargin=\dimen171

(/usr/share/texlive/texmf-dist/tex/generic/bitset/bitset.sty
Package: bitset 2019/12/09 v1.3 Handle bit-vector datatype (HO)

(/usr/share/texlive/texmf-dist/tex/generic/bigintcalc/bigintcalc.sty
Package: bigintcalc 2019/12/15 v1.5 Expandable calculations on big integers (HO
)
))
\Fld@menulength=\count292
\Field@Width=\dimen172
\Fld@charsize=\dimen173
Package hyperref Info: Hyper figures OFF on input line 6430.
Package hyperref Info: Link nesting OFF on input line 6435.
Package hyperref Info: Hyper index ON on input line 6438.
Package hyperref Info: backreferencing OFF on input line 6445.
Package hyperref Info: Link coloring OFF on input line 6450.
Package hyperref Info: Link coloring with OCG OFF on input line 6455.
Package hyperref Info: PDF/A mode OFF on input line 6460.
LaTeX Info: Redefining \ref on input line 6500.
LaTeX Info: Redefining \pageref on input line 6504.

(/usr/share/texlive/texmf-dist/tex/generic/atbegshi/atbegshi.sty
Package: atbegshi 2019/12/05 v1.19 At begin shipout hook (HO)
)
\Hy@abspage=\count293
\c@Item=\count294
\c@Hfootnote=\count295
)
Package hyperref Info: Driver (autodetected): hpdftex.

(/usr/share/texlive/texmf-dist/tex/latex/hyperref/hpdftex.def
File: hpdftex.def 2020/01/14 v7.00d Hyperref driver for pdfTeX

(/usr/share/texlive/texmf-dist/tex/latex/atveryend/atveryend.sty
Package: atveryend 2019-12-11 v1.11 Hooks at the very end of document (HO)
Package atveryend Info: \enddocument detected (standard20110627).
)
\Fld@listcount=\count296
\c@bookmark@seq@number=\count297

(/usr/share/texlive/texmf-dist/tex/latex/rerunfilecheck/rerunfilecheck.sty
Package: rerunfilecheck 2019/12/05 v1.9 Rerun checks for auxiliary files (HO)

(/usr/share/texlive/texmf-dist/tex/generic/uniquecounter/uniquecounter.sty
Package: uniquecounter 2019/12/15 v1.4 Provide unlimited unique counter (HO)
)
Package uniquecounter Info: New unique counter `rerunfilecheck' on input line 2
86.
)
\Hy@SectionHShift=\skip56
)
Package hyperref Info: Option `colorlinks' set `true' on input line 27.

(/usr/share/texlive/texmf-dist/tex/latex/l3backend/l3backend-pdfmode.def
File: l3backend-pdfmode.def 2020-02-03 L3 backend support: PDF mode
\l__kernel_color_stack_int=\count298
\l__pdf_internal_box=\box98
)
(./CS3205LabReport1.aux)
\openout1 = `CS3205LabReport1.aux'.

LaTeX Font Info:    Checking defaults for OML/cmm/m/it on input line 60.
LaTeX Font Info:    ... okay on input line 60.
LaTeX Font Info:    Checking defaults for OMS/cmsy/m/n on input line 60.
LaTeX Font Info:    ... okay on input line 60.
LaTeX Font Info:    Checking defaults for OT1/cmr/m/n on input line 60.
LaTeX Font Info:    ... okay on input line 60.
LaTeX Font Info:    Checking defaults for T1/cmr/m/n on input line 60.
LaTeX Font Info:    ... okay on input line 60.
LaTeX Font Info:    Checking defaults for TS1/cmr/m/n on input line 60.
LaTeX Font Info:    ... okay on input line 60.
LaTeX Font Info:    Checking defaults for OMX/cmex/m/n on input line 60.
LaTeX Font Info:    ... okay on input line 60.
LaTeX Font Info:    Checking defaults for U/cmr/m/n on input line 60.
LaTeX Font Info:    ... okay on input line 60.
LaTeX Font Info:    Checking defaults for PD1/pdf/m/n on input line 60.
LaTeX Font Info:    ... okay on input line 60.

(/usr/share/texlive/texmf-dist/tex/context/base/mkii/supp-pdf.mkii
[Loading MPS to PDF converter (version 2006.09.02).]
\scratchcounter=\count299
\scratchdimen=\dimen174
\scratchbox=\box99
\nofMPsegments=\count300
\nofMParguments=\count301
\everyMPshowfont=\toks30
\MPscratchCnt=\count302
\MPscratchDim=\dimen175
\MPnumerator=\count303
\makeMPintoPDFobject=\count304
\everyMPtoPDFconversion=\toks31
) (/usr/share/texlive/texmf-dist/tex/latex/epstopdf-pkg/epstopdf-base.sty
Package: epstopdf-base 2020-01-24 v2.11 Base part for package epstopdf
Package epstopdf-base Info: Redefining graphics rule for `.eps' on input line 4
85.

(/usr/share/texlive/texmf-dist/tex/latex/latexconfig/epstopdf-sys.cfg
File: epstopdf-sys.cfg 2010/07/13 v1.3 Configuration of (r)epstopdf for TeX Liv
e
))
*geometry* driver: auto-detecting
*geometry* detected driver: pdftex
*geometry* verbose mode - [ preamble ] result:
* driver: pdftex
* paper: a4paper
* layout: <same size as paper>
* layoutoffset:(h,v)=(0.0pt,0.0pt)
* modes: 
* h-part:(L,W,R)=(51.21495pt, 512.14963pt, 34.1433pt)
* v-part:(T,H,B)=(71.13188pt, 702.78308pt, 71.13188pt)
* \paperwidth=597.50787pt
* \paperheight=845.04684pt
* \textwidth=512.14963pt
* \textheight=702.78308pt
* \oddsidemargin=-21.05504pt
* \evensidemargin=-21.05504pt
* \topmargin=-38.1381pt
* \headheight=12.0pt
* \headsep=25.0pt
* \topskip=11.0pt
* \footskip=30.0pt
* \marginparwidth=50.0pt
* \marginparsep=10.0pt
* \columnsep=14.22636pt
* \skip\footins=10.0pt plus 4.0pt minus 2.0pt
* \hoffset=0.0pt
* \voffset=0.0pt
* \mag=1000
* \@twocolumnfalse
* \@twosidefalse
* \@mparswitchfalse
* \@reversemarginfalse
* (1in=72.27pt=25.4mm, 1cm=28.453pt)

\AtBeginShipoutBox=\box100
Package hyperref Info: Link coloring ON on input line 60.
(/usr/share/texlive/texmf-dist/tex/latex/hyperref/nameref.sty
Package: nameref 2019/09/16 v2.46 Cross-referencing by name of section

(/usr/share/texlive/texmf-dist/tex/latex/refcount/refcount.sty
Package: refcount 2019/12/15 v3.6 Data extraction from label references (HO)
)
(/usr/share/texlive/texmf-dist/tex/generic/gettitlestring/gettitlestring.sty
Package: gettitlestring 2019/12/15 v1.6 Cleanup title references (HO)
)
\c@section@level=\count305
)
LaTeX Info: Redefining \ref on input line 60.
LaTeX Info: Redefining \pageref on input line 60.
LaTeX Info: Redefining \nameref on input line 60.

(./CS3205LabReport1.out) (./CS3205LabReport1.out)
\@outlinefile=\write4
\openout4 = `CS3205LabReport1.out'.

<./images/ucc_crest.jpg, id=88, 501.875pt x 501.875pt>
File: ./images/ucc_crest.jpg Graphic file (type jpg)
<use ./images/ucc_crest.jpg>
Package pdftex.def Info: ./images/ucc_crest.jpg  used on input line 65.
(pdftex.def)             Requested size: 204.85672pt x 204.85878pt.
LaTeX Font Info:    Trying to load font information for U+msa on input line 65.


(/usr/share/texlive/texmf-dist/tex/latex/amsfonts/umsa.fd
File: umsa.fd 2013/01/14 v3.01 AMS symbols A
)
LaTeX Font Info:    Trying to load font information for U+msb on input line 65.


(/usr/share/texlive/texmf-dist/tex/latex/amsfonts/umsb.fd
File: umsb.fd 2013/01/14 v3.01 AMS symbols B
)

LaTeX Warning: \oval, \circle, or \line size unavailable on input line 66.

[1{/var/lib/texmf/fonts/map/pdftex/updmap/pdftex.map}

 <./images/ucc_crest.jpg>] (./CS3205LabReport1.toc)
\tf@toc=\write5
\openout5 = `CS3205LabReport1.toc'.

pdfTeX warning (ext4): destination with the same identifier (name{page.}) has b
een already used, duplicate ignored
<to be read again> 
                   \relax 
l.71 \setcounter
                {page}{1} [2]
<../hdi_visualisations/hdi_histogram.png, id=102, 1127.71312pt x 596.98032pt>
File: ../hdi_visualisations/hdi_histogram.png Graphic file (type png)
<use ../hdi_visualisations/hdi_histogram.png>
Package pdftex.def Info: ../hdi_visualisations/hdi_histogram.png  used on input
 line 107.
(pdftex.def)             Requested size: 248.96162pt x 131.79153pt.
<../hdi_visualisations/hdi_global_heatmap.png, id=104, 1128.46594pt x 596.98032
pt>
File: ../hdi_visualisations/hdi_global_heatmap.png Graphic file (type png)
<use ../hdi_visualisations/hdi_global_heatmap.png>
Package pdftex.def Info: ../hdi_visualisations/hdi_global_heatmap.png  used on 
input line 110.
(pdftex.def)             Requested size: 248.96162pt x 131.70044pt.
<../hdi_visualisations/global_average_hdi_areachart.png, id=106, 1141.26375pt x
 596.98032pt>
File: ../hdi_visualisations/global_average_hdi_areachart.png Graphic file (type
 png)
<use ../hdi_visualisations/global_average_hdi_areachart.png>
Package pdftex.def Info: ../hdi_visualisations/global_average_hdi_areachart.png
  used on input line 113.
(pdftex.def)             Requested size: 248.96162pt x 130.22475pt.
<../hdi_visualisations/min_vs_max_hdi_radialplot.png, id=108, 691.83469pt x 538
.26094pt>
File: ../hdi_visualisations/min_vs_max_hdi_radialplot.png Graphic file (type pn
g)
<use ../hdi_visualisations/min_vs_max_hdi_radialplot.png>
Package pdftex.def Info: ../hdi_visualisations/min_vs_max_hdi_radialplot.png  u
sed on input line 116.
(pdftex.def)             Requested size: 248.96162pt x 193.69165pt.
 [1 <../hdi_visualisations/hdi_histogram.png (PNG copy)> <../hdi_visualisations
/hdi_global_heatmap.png (PNG copy)>]
<../hdi_visualisations/men_vs_women_mean_years_education_barchart.png, id=120, 
702.37407pt x 636.12656pt>
File: ../hdi_visualisations/men_vs_women_mean_years_education_barchart.png Grap
hic file (type png)
<use ../hdi_visualisations/men_vs_women_mean_years_education_barchart.png>
Package pdftex.def Info: ../hdi_visualisations/men_vs_women_mean_years_educatio
n_barchart.png  used on input line 119.
(pdftex.def)             Requested size: 248.96162pt x 225.48192pt.
<../hdi_visualisations/population_growth_ratio_boxplot.png, id=122, 941.01563pt
 x 672.26157pt>
File: ../hdi_visualisations/population_growth_ratio_boxplot.png Graphic file (t
ype png)
<use ../hdi_visualisations/population_growth_ratio_boxplot.png>
Package pdftex.def Info: ../hdi_visualisations/population_growth_ratio_boxplot.
png  used on input line 127.
(pdftex.def)             Requested size: 248.96162pt x 177.85098pt.
<../hdi_visualisations/mean_vs_expected_years_schooling_scatterplot.png, id=124
, 707.64375pt x 672.26157pt>
File: ../hdi_visualisations/mean_vs_expected_years_schooling_scatterplot.png Gr
aphic file (type png)
<use ../hdi_visualisations/mean_vs_expected_years_schooling_scatterplot.png>
Package pdftex.def Info: ../hdi_visualisations/mean_vs_expected_years_schooling
_scatterplot.png  used on input line 133.
(pdftex.def)             Requested size: 248.96162pt x 236.5055pt.
<../hdi_visualisations/fertility_vs_adolescent_birth_rate_scatterplot.png, id=1
26, 752.0597pt x 672.26157pt>
File: ../hdi_visualisations/fertility_vs_adolescent_birth_rate_scatterplot.png 
Graphic file (type png)
<use ../hdi_visualisations/fertility_vs_adolescent_birth_rate_scatterplot.png>
Package pdftex.def Info: ../hdi_visualisations/fertility_vs_adolescent_birth_ra
te_scatterplot.png  used on input line 139.
(pdftex.def)             Requested size: 248.96162pt x 222.54453pt.
 [2 <../hdi_visualisations/global_average_hdi_areachart.png (PNG copy)> <../hdi
_visualisations/min_vs_max_hdi_radialplot.png (PNG copy)> <../hdi_visualisation
s/men_vs_women_mean_years_education_barchart.png (PNG copy)> <../hdi_visualisat
ions/population_growth_ratio_boxplot.png (PNG copy)>]
<../hdi_visualisations/gni_vs_hdi_scatterplot.png, id=136, 698.61pt x 596.98032
pt>
File: ../hdi_visualisations/gni_vs_hdi_scatterplot.png Graphic file (type png)
<use ../hdi_visualisations/gni_vs_hdi_scatterplot.png>
Package pdftex.def Info: ../hdi_visualisations/gni_vs_hdi_scatterplot.png  used
 on input line 144.
(pdftex.def)             Requested size: 248.96162pt x 212.74477pt.
<../hdi_visualisations/percentage_women_in_government_vs_mean_years_education_s
catterplot.png, id=138, 606.76688pt x 550.30594pt>
File: ../hdi_visualisations/percentage_women_in_government_vs_mean_years_educat
ion_scatterplot.png Graphic file (type png)
<use ../hdi_visualisations/percentage_women_in_government_vs_mean_years_educati
on_scatterplot.png>
Package pdftex.def Info: ../hdi_visualisations/percentage_women_in_government_v
s_mean_years_education_scatterplot.png  used on input line 148.
(pdftex.def)             Requested size: 248.96162pt x 225.79483pt.
<../hdi_visualisations/labour_force_participation_vs_gdp_scatterplot.png, id=14
0, 749.80125pt x 637.63219pt>
File: ../hdi_visualisations/labour_force_participation_vs_gdp_scatterplot.png G
raphic file (type png)
<use ../hdi_visualisations/labour_force_participation_vs_gdp_scatterplot.png>
Package pdftex.def Info: ../hdi_visualisations/labour_force_participation_vs_gd
p_scatterplot.png  used on input line 153.
(pdftex.def)             Requested size: 248.96162pt x 211.71329pt.
 [3 <../hdi_visualisations/mean_vs_expected_years_schooling_scatterplot.png (PN
G copy)> <../hdi_visualisations/fertility_vs_adolescent_birth_rate_scatterplot.
png (PNG copy)> <../hdi_visualisations/gni_vs_hdi_scatterplot.png (PNG copy)> <
../hdi_visualisations/percentage_women_in_government_vs_mean_years_education_sc
atterplot.png (PNG copy)>]
<../hdi_visualisations/health_expenditure_ordered_by_life_expectancy.png, id=15
0, 2893.05844pt x 659.46375pt>
File: ../hdi_visualisations/health_expenditure_ordered_by_life_expectancy.png G
raphic file (type png)
<use ../hdi_visualisations/health_expenditure_ordered_by_life_expectancy.png>
Package pdftex.def Info: ../hdi_visualisations/health_expenditure_ordered_by_li
fe_expectancy.png  used on input line 159.
(pdftex.def)             Requested size: 248.96162pt x 56.74295pt.
<../hdi_visualisations/min_vs_max_hdi_sidebysidecircleplot.png, id=152, 5847.84
75pt x 562.35094pt>
File: ../hdi_visualisations/min_vs_max_hdi_sidebysidecircleplot.png Graphic fil
e (type png)
<use ../hdi_visualisations/min_vs_max_hdi_sidebysidecircleplot.png>
Package pdftex.def Info: ../hdi_visualisations/min_vs_max_hdi_sidebysidecirclep
lot.png  used on input line 168.
(pdftex.def)             Requested size: 248.96162pt x 23.94035pt.
<../hdi_visualisations/mean_vs_expected_years_schooling_bar_and_linegraph.png, 
id=154, 551.05875pt x 575.14874pt>
File: ../hdi_visualisations/mean_vs_expected_years_schooling_bar_and_linegraph.
png Graphic file (type png)
<use ../hdi_visualisations/mean_vs_expected_years_schooling_bar_and_linegraph.p
ng>
Package pdftex.def Info: ../hdi_visualisations/mean_vs_expected_years_schooling
_bar_and_linegraph.png  used on input line 173.
(pdftex.def)             Requested size: 248.96162pt x 259.85011pt.
 [4 <../hdi_visualisations/labour_force_participation_vs_gdp_scatterplot.png (P
NG copy)> <../hdi_visualisations/health_expenditure_ordered_by_life_expectancy.
png (PNG copy)> <../hdi_visualisations/min_vs_max_hdi_sidebysidecircleplot.png 
(PNG copy)> <../hdi_visualisations/mean_vs_expected_years_schooling_bar_and_lin
egraph.png>]
<../multidimensional_projections/corel/lsp/lsp_corel_projection_2.png, id=167, 
1686.3pt x 1053.9375pt>
File: ../multidimensional_projections/corel/lsp/lsp_corel_projection_2.png Grap
hic file (type png)
<use ../multidimensional_projections/corel/lsp/lsp_corel_projection_2.png>
Package pdftex.def Info: ../multidimensional_projections/corel/lsp/lsp_corel_pr
ojection_2.png  used on input line 184.
(pdftex.def)             Requested size: 161.2323pt x 100.76837pt.
<../multidimensional_projections/corel/lsp/lsp_corel_projection_3.png, id=169, 
1686.3pt x 1053.9375pt>
File: ../multidimensional_projections/corel/lsp/lsp_corel_projection_3.png Grap
hic file (type png)
<use ../multidimensional_projections/corel/lsp/lsp_corel_projection_3.png>
Package pdftex.def Info: ../multidimensional_projections/corel/lsp/lsp_corel_pr
ojection_3.png  used on input line 188.
(pdftex.def)             Requested size: 161.2323pt x 100.76837pt.
<../multidimensional_projections/corel/lsp/lsp_corel_projection_4.png, id=171, 
1686.3pt x 1053.9375pt>
File: ../multidimensional_projections/corel/lsp/lsp_corel_projection_4.png Grap
hic file (type png)
<use ../multidimensional_projections/corel/lsp/lsp_corel_projection_4.png>
Package pdftex.def Info: ../multidimensional_projections/corel/lsp/lsp_corel_pr
ojection_4.png  used on input line 192.
(pdftex.def)             Requested size: 161.2323pt x 100.76837pt.
<../multidimensional_projections/corel/t-sne/t-sne_corel_projection_1.png, id=1
73, 1686.3pt x 1053.9375pt>
File: ../multidimensional_projections/corel/t-sne/t-sne_corel_projection_1.png 
Graphic file (type png)
<use ../multidimensional_projections/corel/t-sne/t-sne_corel_projection_1.png>
Package pdftex.def Info: ../multidimensional_projections/corel/t-sne/t-sne_core
l_projection_1.png  used on input line 198.
(pdftex.def)             Requested size: 512.14963pt x 320.09155pt.

[5 <../multidimensional_projections/corel/lsp/lsp_corel_projection_2.png> <../m
ultidimensional_projections/corel/lsp/lsp_corel_projection_3.png> <../multidime
nsional_projections/corel/lsp/lsp_corel_projection_4.png> <../multidimensional_
projections/corel/t-sne/t-sne_corel_projection_1.png>]
Package atveryend Info: Empty hook `BeforeClearDocument' on input line 238.
 [6]
Package atveryend Info: Empty hook `AfterLastShipout' on input line 238.

(./CS3205LabReport1.aux)
Package atveryend Info: Executing hook `AtVeryEndDocument' on input line 238.
Package atveryend Info: Executing hook `AtEndAfterFileList' on input line 238.


Package rerunfilecheck Warning: File `CS3205LabReport1.out' has changed.
(rerunfilecheck)                Rerun to get outlines right
(rerunfilecheck)                or use package `bookmark'.

Package rerunfilecheck Info: Checksums for `CS3205LabReport1.out':
(rerunfilecheck)             Before: C20B74AB179B4F55C0813F715AD26363;1484
(rerunfilecheck)             After:  FAFF8B022A7B695FACB8E56D5F34FA95;2980.

LaTeX Warning: Label(s) may have changed. Rerun to get cross-references right.

Package atveryend Info: Empty hook `AtVeryVeryEnd' on input line 238.
 ) 
Here is how much of TeX's memory you used:
 8758 strings out of 483140
 131893 string characters out of 5965151
 415065 words of memory out of 5000000
 23519 multiletter control sequences out of 15000+600000
 542259 words of font info for 50 fonts, out of 8000000 for 9000
 36 hyphenation exceptions out of 8191
 34i,7n,37p,326b,589s stack positions out of 5000i,500n,10000p,200000b,80000s
 </home/jack-o-connor/.texlive2019/texmf-var/fonts/pk/ljfour/jknappen/ec/ecbx
1095.600pk> </home/jack-o-connor/.texlive2019/texmf-var/fonts/pk/ljfour/jknappe
n/ec/tcrm1095.600pk> </home/jack-o-connor/.texlive2019/texmf-var/fonts/pk/ljfou
r/jknappen/ec/ecrm1095.600pk> </home/jack-o-connor/.texlive2019/texmf-var/fonts
/pk/ljfour/jknappen/ec/ecbx1200.600pk> </home/jack-o-connor/.texlive2019/texmf-
var/fonts/pk/ljfour/jknappen/ec/ecbx1440.600pk> </home/jack-o-connor/.texlive20
19/texmf-var/fonts/pk/ljfour/jknappen/ec/ecrm1200.600pk> </home/jack-o-connor/.
texlive2019/texmf-var/fonts/pk/ljfour/jknappen/ec/ecrm1728.600pk></usr/share/te
xlive/texmf-dist/fonts/type1/public/amsfonts/latxfont/lcircle1.pfb>
Output written on CS3205LabReport1.pdf (8 pages, 3924506 bytes).
PDF statistics:
 492 PDF objects out of 1000 (max. 8388607)
 221 compressed objects within 3 object streams
 70 named destinations out of 1000 (max. 500000)
 264 words of extra memory for PDF output out of 10000 (max. 10000000)

