\BOOKMARK [1][-]{section.1}{Introduction}{}% 1
\BOOKMARK [2][-]{subsection.1.1}{The Problem}{section.1}% 2
\BOOKMARK [2][-]{subsection.1.2}{The Datasets}{section.1}% 3
\BOOKMARK [2][-]{subsection.1.3}{The Role of Visualisations}{section.1}% 4
\BOOKMARK [1][-]{section.2}{Data Description}{}% 5
\BOOKMARK [2][-]{subsection.2.1}{hdr.xlsx}{section.2}% 6
\BOOKMARK [2][-]{subsection.2.2}{hdi.csv}{section.2}% 7
\BOOKMARK [1][-]{section.3}{Task 1}{}% 8
\BOOKMARK [2][-]{subsection.3.1}{Free Exploration}{section.3}% 9
\BOOKMARK [3][-]{subsubsection.3.1.1}{HDI Histogram}{subsection.3.1}% 10
\BOOKMARK [3][-]{subsubsection.3.1.2}{Global Average HDI}{subsection.3.1}% 11
\BOOKMARK [3][-]{subsubsection.3.1.3}{Min/Max HDI Radial Plot}{subsection.3.1}% 12
\BOOKMARK [3][-]{subsubsection.3.1.4}{Expected Population Growth}{subsection.3.1}% 13
\BOOKMARK [3][-]{subsubsection.3.1.5}{Male/Female Average Years Education}{subsection.3.1}% 14
\BOOKMARK [2][-]{subsection.3.2}{Specific Observations}{section.3}% 15
\BOOKMARK [3][-]{subsubsection.3.2.1}{Spurious Values}{subsection.3.2}% 16
\BOOKMARK [3][-]{subsubsection.3.2.2}{HDI Global Heatmap}{subsection.3.2}% 17
\BOOKMARK [3][-]{subsubsection.3.2.3}{Correlated/Uncorrelated Attributes}{subsection.3.2}% 18
\BOOKMARK [3][-]{subsubsection.3.2.4}{Hypotheses for Previous Patterns}{subsection.3.2}% 19
\BOOKMARK [3][-]{subsubsection.3.2.5}{Usefulness of All Visualisations}{subsection.3.2}% 20
\BOOKMARK [3][-]{subsubsection.3.2.6}{Alternative Visualisations}{subsection.3.2}% 21
\BOOKMARK [1][-]{section.4}{Task 2}{}% 22
\BOOKMARK [2][-]{subsection.4.1}{Corel Projections Comparison}{section.4}% 23
\BOOKMARK [2][-]{subsection.4.2}{CBR Projections Comparison}{section.4}% 24
\BOOKMARK [2][-]{subsection.4.3}{Dataset 1 Projections Comparison}{section.4}% 25
\BOOKMARK [2][-]{subsection.4.4}{Dataset 2 Projections Comparison}{section.4}% 26
\BOOKMARK [2][-]{subsection.4.5}{Projections of HDR}{section.4}% 27
\BOOKMARK [1][-]{section.5}{Conclusions}{}% 28
\BOOKMARK [1][-]{section.6}{References}{}% 29
